<?xml version="1.0" encoding="UTF-8"?>
<testng-results skipped="0" failed="0" ignored="0" total="2" passed="2">
  <reporter-output>
  </reporter-output>
  <suite name="Suite" duration-ms="65265" started-at="2021-02-20T12:58:32 IST" finished-at="2021-02-20T12:59:37 IST">
    <groups>
    </groups>
    <test name="Test" duration-ms="65265" started-at="2021-02-20T12:58:32 IST" finished-at="2021-02-20T12:59:37 IST">
      <class name="com.selenium.maven.Sample1Test">
        <test-method status="PASS" signature="sample1()[pri:0, instance:com.selenium.maven.Sample1Test@73846619]" name="sample1" duration-ms="11232" started-at="2021-02-20T12:58:32 IST" finished-at="2021-02-20T12:58:43 IST">
          <reporter-output>
          </reporter-output>
        </test-method> <!-- sample1 -->
      </class> <!-- com.selenium.maven.Sample1Test -->
      <class name="com.selenium.maven.Sample2Test">
        <test-method status="PASS" signature="sample2()[pri:0, instance:com.selenium.maven.Sample2Test@4bec1f0c]" name="sample2" duration-ms="53950" started-at="2021-02-20T12:58:43 IST" finished-at="2021-02-20T12:59:37 IST">
          <reporter-output>
          </reporter-output>
        </test-method> <!-- sample2 -->
      </class> <!-- com.selenium.maven.Sample2Test -->
    </test> <!-- Test -->
  </suite> <!-- Suite -->
</testng-results>
