<?xml version="1.0" encoding="UTF-8"?>
<testsuite xmlns:xsi="http://www.w3.org/2001/XMLSchema-instance" xsi:noNamespaceSchemaLocation="https://maven.apache.org/surefire/maven-surefire-plugin/xsd/surefire-test-report-3.0.xsd" version="3.0" name="TestSuite" time="66.339" tests="2" errors="0" skipped="0" failures="0">
  <properties>
[...]
</properties>
  <testcase name="sample1" classname="com.selenium.maven.Sample1Test" time="11.262">
    <system-out><![CDATA[[TestNGContentHandler] [WARN] It is strongly recommended to add "<!DOCTYPE suite SYSTEM "https://testng.org/testng-1.0.dtd" >" at the top of your file, otherwise TestNG may fail or not work as expected.
]]></system-out>
    <system-err><![CDATA[Starting ChromeDriver 87.0.4280.88 (89e2380a3e36c3464b5dd1302349b1382549290d-refs/branch-heads/4280@{#1761}) on port 41335
Only local connections are allowed.
Please see https://chromedriver.chromium.org/security-considerations for suggestions on keeping ChromeDriver safe.
ChromeDriver was started successfully.
[1613806115.288][WARNING]: This version of ChromeDriver has not been tested with Chrome version 88.
Feb 20, 2021 12:58:37 PM org.openqa.selenium.remote.ProtocolHandshake createSession
INFO: Detected dialect: W3C
]]></system-err>
  </testcase>
  <testcase name="sample2" classname="com.selenium.maven.Sample2Test" time="53.941">
    <system-err><![CDATA[1613806124278	geckodriver	INFO	Listening on 127.0.0.1:34297
1613806124656	mozrunner::runner	INFO	Running command: "C:\\Program Files\\Mozilla Firefox\\firefox.exe" "--marionette" "-foreground" "-no-remote" "-profile" "C:\\Users\\USER\\AppData\\Local\\Temp\\rust_mozprofileEDVb4U"
console.warn: SearchSettings: "get: No settings file exists, new profile?" (new Error("", "(unknown module)"))
1613806158276	Marionette	INFO	Listening on port 52931
console.warn: SearchSettings: "get: No settings file exists, new profile?" (new Error("", "(unknown module)"))
1613806160428	Marionette	WARN	TLS certificate errors will be ignored for this session
Feb 20, 2021 12:59:20 PM org.openqa.selenium.remote.ProtocolHandshake createSession
INFO: Detected dialect: W3C
1613806160628	Marionette	ERROR	[15] No reply from Marionette:Register
JavaScript error: https://images-eu.ssl-images-amazon.com/images/I/11Y+5x+kkTL._RC|51IWYO5M+zL.js,112nmCqUymL.js,11giXtZCwVL.js,01+z+uIeJ-L.js,014NohEdE7L.js,21NNXfMitSL.js,11GXfd3+z+L.js,51gm4oPD2cL.js,11AHlQhPRjL.js,11UNQpqeowL.js,11OREnu1epL.js,11KbZymw5ZL.js,21r53SJg7LL.js,0190vxtlzcL.js,51JZZ9z7xBL.js,31Cj8gdjjAL.js,01Gf12ogmOL.js,01ezj5Rkz1L.js,11VS-C+YWGL.js,31pOTH2ZMRL.js,01rpauTep4L.js,01RhpdfyI0L.js_.js?AUIClients/AmazonUI&CaxJAe4B#page_type-Gateway.309035-T1, line 150: SyntaxError: FontFaceSet.load: Invalid font shorthand
JavaScript error: https://images-eu.ssl-images-amazon.com/images/I/11Y+5x+kkTL._RC|51IWYO5M+zL.js,112nmCqUymL.js,11giXtZCwVL.js,01+z+uIeJ-L.js,014NohEdE7L.js,21NNXfMitSL.js,11GXfd3+z+L.js,51gm4oPD2cL.js,11AHlQhPRjL.js,11UNQpqeowL.js,11OREnu1epL.js,11KbZymw5ZL.js,21r53SJg7LL.js,0190vxtlzcL.js,51JZZ9z7xBL.js,31Cj8gdjjAL.js,01Gf12ogmOL.js,01ezj5Rkz1L.js,11VS-C+YWGL.js,31pOTH2ZMRL.js,01rpauTep4L.js,01RhpdfyI0L.js_.js?AUIClients/AmazonUI&CaxJAe4B#page_type-Gateway.309035-T1, line 150: SyntaxError: FontFaceSet.load: Invalid font shorthand
JavaScript error: https://images-eu.ssl-images-amazon.com/images/I/11Y+5x+kkTL._RC|51IWYO5M+zL.js,112nmCqUymL.js,11giXtZCwVL.js,01+z+uIeJ-L.js,014NohEdE7L.js,21NNXfMitSL.js,11GXfd3+z+L.js,51gm4oPD2cL.js,11AHlQhPRjL.js,11UNQpqeowL.js,11OREnu1epL.js,11KbZymw5ZL.js,21r53SJg7LL.js,0190vxtlzcL.js,51JZZ9z7xBL.js,31Cj8gdjjAL.js,01Gf12ogmOL.js,01ezj5Rkz1L.js,11VS-C+YWGL.js,31pOTH2ZMRL.js,01rpauTep4L.js,01RhpdfyI0L.js_.js?AUIClients/AmazonUI&CaxJAe4B#page_type-Gateway.309035-T1, line 150: SyntaxError: FontFaceSet.load: Invalid font shorthand
JavaScript error: https://images-eu.ssl-images-amazon.com/images/I/11Y+5x+kkTL._RC|51IWYO5M+zL.js,112nmCqUymL.js,11giXtZCwVL.js,01+z+uIeJ-L.js,014NohEdE7L.js,21NNXfMitSL.js,11GXfd3+z+L.js,51gm4oPD2cL.js,11AHlQhPRjL.js,11UNQpqeowL.js,11OREnu1epL.js,11KbZymw5ZL.js,21r53SJg7LL.js,0190vxtlzcL.js,51JZZ9z7xBL.js,31Cj8gdjjAL.js,01Gf12ogmOL.js,01ezj5Rkz1L.js,11VS-C+YWGL.js,31pOTH2ZMRL.js,01rpauTep4L.js,01RhpdfyI0L.js_.js?AUIClients/AmazonUI&CaxJAe4B#page_type-Gateway.309035-T1, line 150: SyntaxError: FontFaceSet.load: Invalid font shorthand
1613806171919	Marionette	INFO	Stopped listening on port 52931
[Parent 5988, IPC I/O Parent] WARNING: file /builds/worker/checkouts/gecko/ipc/chromium/src/base/process_util_win.cc:167

###!!! [Child][RunMessage] Error: Channel closing: too late to send/recv, messages will be lost

]]></system-err>
  </testcase>
</testsuite>