<?xml version="1.0" encoding="UTF-8"?>
<testng-results skipped="0" failed="0" ignored="0" total="2" passed="2">
  <reporter-output>
  </reporter-output>
  <suite name="Suite" duration-ms="19018" started-at="2021-02-17T11:31:03 IST" finished-at="2021-02-17T11:31:22 IST">
    <groups>
    </groups>
    <test name="Test" duration-ms="19018" started-at="2021-02-17T11:31:03 IST" finished-at="2021-02-17T11:31:22 IST">
      <class name="com.selenium.maven.Sample1Test">
        <test-method status="PASS" signature="sample1()[pri:0, instance:com.selenium.maven.Sample1Test@7c29daf3]" name="sample1" duration-ms="11177" started-at="2021-02-17T11:31:03 IST" finished-at="2021-02-17T11:31:14 IST">
          <reporter-output>
          </reporter-output>
        </test-method> <!-- sample1 -->
      </class> <!-- com.selenium.maven.Sample1Test -->
      <class name="com.selenium.maven.Sample2Test">
        <test-method status="PASS" signature="sample2()[pri:0, instance:com.selenium.maven.Sample2Test@9660f4e]" name="sample2" duration-ms="7748" started-at="2021-02-17T11:31:14 IST" finished-at="2021-02-17T11:31:22 IST">
          <reporter-output>
          </reporter-output>
        </test-method> <!-- sample2 -->
      </class> <!-- com.selenium.maven.Sample2Test -->
    </test> <!-- Test -->
  </suite> <!-- Suite -->
</testng-results>
